<?xml version="1.0" encoding="UTF-8"?>
<testng-results skipped="0" failed="0" ignored="0" total="1" passed="1">
  <reporter-output>
  </reporter-output>
  <suite name="Suite" duration-ms="7212" started-at="2018-01-15T11:44:44Z" finished-at="2018-01-15T11:44:52Z">
    <groups>
    </groups>
    <test name="Test" duration-ms="7212" started-at="2018-01-15T11:44:44Z" finished-at="2018-01-15T11:44:52Z">
      <class name="demo.demoTest">
        <test-method status="PASS" signature="testsetup()[pri:0, instance:demo.demoTest@1d299e3]" name="testsetup" is-config="true" duration-ms="3681" started-at="2018-01-15T17:14:44Z" finished-at="2018-01-15T17:14:48Z">
          <reporter-output>
          </reporter-output>
        </test-method> <!-- testsetup -->
        <test-method status="PASS" signature="openBrowser()[pri:0, instance:demo.demoTest@1d299e3]" name="openBrowser" duration-ms="3126" started-at="2018-01-15T17:14:48Z" finished-at="2018-01-15T17:14:51Z">
          <reporter-output>
          </reporter-output>
        </test-method> <!-- openBrowser -->
        <test-method status="PASS" signature="tearDown()[pri:0, instance:demo.demoTest@1d299e3]" name="tearDown" is-config="true" duration-ms="386" started-at="2018-01-15T17:14:51Z" finished-at="2018-01-15T17:14:52Z">
          <reporter-output>
          </reporter-output>
        </test-method> <!-- tearDown -->
      </class> <!-- demo.demoTest -->
    </test> <!-- Test -->
  </suite> <!-- Suite -->
</testng-results>
