<?xml version="1.0" encoding="UTF-8"?>
<testng-results ignored="0" total="1" passed="1" failed="0" skipped="0">
  <reporter-output>
  </reporter-output>
  <suite started-at="2018-01-15T09:37:54Z" name="Surefire suite" finished-at="2018-01-15T09:38:01Z" duration-ms="7166">
    <groups>
    </groups>
    <test started-at="2018-01-15T09:37:54Z" name="Surefire test" finished-at="2018-01-15T09:38:01Z" duration-ms="7166">
      <class name="demo.demoTest">
        <test-method signature="openBrowser()[pri:0, instance:demo.demoTest@30ee2816]" started-at="2018-01-15T15:07:54Z" name="openBrowser" finished-at="2018-01-15T15:08:01Z" duration-ms="7121" status="PASS">
          <reporter-output>
          </reporter-output>
        </test-method> <!-- openBrowser -->
      </class> <!-- demo.demoTest -->
    </test> <!-- Surefire test -->
  </suite> <!-- Surefire suite -->
</testng-results>
