<?xml version="1.0" encoding="UTF-8"?>
<testsuite xmlns:xsi="http://www.w3.org/2001/XMLSchema-instance" xsi:noNamespaceSchemaLocation="https://maven.apache.org/surefire/maven-surefire-plugin/xsd/surefire-test-report.xsd" name="TestSuite" time="8.189" tests="2" errors="0" skipped="0" failures="0">
  <properties>
[...]
</properties>
  <testcase name="openBrowser" classname="demo.demoTest" time="7.123"/>
  <testcase name="testApp on testApp(demo.AppTest)" classname="demo.AppTest" time="7.358"/>
</testsuite>