<?xml version="1.0" encoding="UTF-8"?>
<testng-results ignored="0" total="1" passed="1" failed="0" skipped="0">
  <reporter-output>
  </reporter-output>
  <suite started-at="2018-01-15T09:38:01Z" name="Surefire suite" finished-at="2018-01-15T09:38:01Z" duration-ms="9">
    <groups>
    </groups>
    <test started-at="2018-01-15T09:38:01Z" name="Surefire test" finished-at="2018-01-15T09:38:01Z" duration-ms="9">
      <class name="demo.AppTest">
        <test-method signature="testApp()[pri:0, instance:testApp(demo.AppTest)]" started-at="2018-01-15T15:08:01Z" name="testApp" finished-at="2018-01-15T15:08:01Z" duration-ms="1" status="PASS">
          <reporter-output>
          </reporter-output>
        </test-method> <!-- testApp -->
      </class> <!-- demo.AppTest -->
    </test> <!-- Surefire test -->
  </suite> <!-- Surefire suite -->
</testng-results>
